<?xml version="1.0" encoding="UTF-8"?>
<!-- Generated by org.testng.reporters.JUnitReportReporter -->
<testsuite skipped="0" hostname="Mohsen" name="Academy.E2EProject.validateNavigationBar" tests="1" failures="0" timestamp="2020-04-08T16:39:29 EDT" time="0.085" errors="0">
  <testcase name="basePageNavigation" time="0.085" classname="Academy.E2EProject.validateNavigationBar"/>
</testsuite> <!-- Academy.E2EProject.validateNavigationBar -->
