<?xml version="1.0" encoding="UTF-8"?>
<!-- Generated by org.testng.reporters.JUnitReportReporter -->
<testsuite skipped="0" hostname="Mohsen" name="Academy.E2EProject.HomePage" tests="2" failures="0" timestamp="2020-04-08T16:39:29 EDT" time="58.556" errors="0">
  <testcase name="basePageNavigation" time="25.750" classname="Academy.E2EProject.HomePage"/>
  <testcase name="basePageNavigation" time="32.806" classname="Academy.E2EProject.HomePage"/>
</testsuite> <!-- Academy.E2EProject.HomePage -->
